<?xml version="1.0" encoding="UTF-8"?>
<testsuite name="com.jonathansteele.parsnip.PrimitiveObjectTest" tests="9" skipped="0" failures="0" errors="0" timestamp="2021-11-03T17:34:42" hostname="Jonathans-iMac.lan" time="0.127">
  <properties/>
  <testcase name="setIntField" classname="com.jonathansteele.parsnip.PrimitiveObjectTest" time="0.122"/>
  <testcase name="setCharField" classname="com.jonathansteele.parsnip.PrimitiveObjectTest" time="0.0"/>
  <testcase name="setFloatField" classname="com.jonathansteele.parsnip.PrimitiveObjectTest" time="0.001"/>
  <testcase name="setByteField" classname="com.jonathansteele.parsnip.PrimitiveObjectTest" time="0.001"/>
  <testcase name="setDoubleField" classname="com.jonathansteele.parsnip.PrimitiveObjectTest" time="0.0"/>
  <testcase name="createObject" classname="com.jonathansteele.parsnip.PrimitiveObjectTest" time="0.001"/>
  <testcase name="setBooleanField" classname="com.jonathansteele.parsnip.PrimitiveObjectTest" time="0.0"/>
  <testcase name="setLongField" classname="com.jonathansteele.parsnip.PrimitiveObjectTest" time="0.001"/>
  <testcase name="setShortField" classname="com.jonathansteele.parsnip.PrimitiveObjectTest" time="0.0"/>
  <system-out><![CDATA[]]></system-out>
  <system-err><![CDATA[]]></system-err>
</testsuite>
